<?xml version="1.0" encoding="UTF-8"?>
<testsuite name="pl.edu.wat.uavlogistics.backend.StagingTaskServiceTest" tests="1" skipped="0" failures="0" errors="0" timestamp="2026-06-17T13:20:31" hostname="JAMJESTPC" time="0.471">
  <properties/>
  <testcase name="ensure staging task is deterministic and only visible to intended agent()" classname="pl.edu.wat.uavlogistics.backend.StagingTaskServiceTest" time="0.471"/>
  <system-out><![CDATA[]]></system-out>
  <system-err><![CDATA[]]></system-err>
</testsuite>
