<?xml version="1.0" encoding="UTF-8"?>
<testsuite name="pl.edu.wat.uavlogistics.backend.TaskServiceTest" tests="2" skipped="0" failures="0" errors="0" timestamp="2026-06-17T13:20:36" hostname="JAMJESTPC" time="0.836">
  <properties/>
  <testcase name="claiming a task is atomic and only succeeds once()" classname="pl.edu.wat.uavlogistics.backend.TaskServiceTest" time="0.256"/>
  <testcase name="only assigned carrying agent can complete task once()" classname="pl.edu.wat.uavlogistics.backend.TaskServiceTest" time="0.579"/>
  <system-out><![CDATA[]]></system-out>
  <system-err><![CDATA[]]></system-err>
</testsuite>
